<?xml version="1.0" encoding="UTF-8" ?>
<testsuite tests="16" failures="1" name="coe528.lab1.FlightTest" time="0.041" errors="0" skipped="0">
  <properties>
[...]
</properties>
  <testcase classname="coe528.lab1.FlightTest" name="coe528.lab1.FlightTest.testSetOriginalPrice" time="0.011"/>
  <testcase classname="coe528.lab1.FlightTest" name="coe528.lab1.FlightTest.testGetOriginalPrice" time="0.001"/>
  <testcase classname="coe528.lab1.FlightTest" name="coe528.lab1.FlightTest.testInvalidConstructor" time="0.019">
    <failure message="Expected java.lang.IllegalArgumentException to be thrown, but nothing was thrown." type="org.opentest4j.AssertionFailedError">org.opentest4j.AssertionFailedError: Expected java.lang.IllegalArgumentException to be thrown, but nothing was thrown.
	at org.junit.jupiter.api.AssertThrows.assertThrows(AssertThrows.java:71)
	at org.junit.jupiter.api.AssertThrows.assertThrows(AssertThrows.java:37)
	at org.junit.jupiter.api.Assertions.assertThrows(Assertions.java:2952)
	at coe528.lab1.FlightTest.testInvalidConstructor(FlightTest.java:77)
</failure>
  </testcase>
  <testcase classname="coe528.lab1.FlightTest" name="coe528.lab1.FlightTest.testGetdestination" time="0.001"/>
  <testcase classname="coe528.lab1.FlightTest" name="coe528.lab1.FlightTest.testGetdepTime" time="0"/>
  <testcase classname="coe528.lab1.FlightTest" name="coe528.lab1.FlightTest.testSetdepTime" time="0.001"/>
  <testcase classname="coe528.lab1.FlightTest" name="coe528.lab1.FlightTest.testGetcap" time="0.001"/>
  <testcase classname="coe528.lab1.FlightTest" name="coe528.lab1.FlightTest.testSetcap" time="0.001"/>
  <testcase classname="coe528.lab1.FlightTest" name="coe528.lab1.FlightTest.testSetflightNum" time="0.001"/>
  <testcase classname="coe528.lab1.FlightTest" name="coe528.lab1.FlightTest.testGetnumOfSeatsL" time="0.001"/>
  <testcase classname="coe528.lab1.FlightTest" name="coe528.lab1.FlightTest.testSetOrigin" time="0"/>
  <testcase classname="coe528.lab1.FlightTest" name="coe528.lab1.FlightTest.testSetnumOfSeatsL" time="0"/>
  <testcase classname="coe528.lab1.FlightTest" name="coe528.lab1.FlightTest.testGetflightNum" time="0"/>
  <testcase classname="coe528.lab1.FlightTest" name="coe528.lab1.FlightTest.testSetdestination" time="0"/>
  <testcase classname="coe528.lab1.FlightTest" name="coe528.lab1.FlightTest.testGetOrigin" time="0.001"/>
  <testcase classname="coe528.lab1.FlightTest" name="coe528.lab1.FlightTest.testConstructor" time="0.003"/>
</testsuite>